<?xml version="1.0" encoding="UTF-8"?>
<testng-results ignored="0" total="1" passed="1" failed="0" skipped="0">
  <reporter-output>
  </reporter-output>
  <suite started-at="2023-12-22T18:13:12 IST" name="Default suite" finished-at="2023-12-22T18:13:28 IST" duration-ms="16246">
    <groups>
    </groups>
    <test started-at="2023-12-22T18:13:12 IST" name="Default test" finished-at="2023-12-22T18:13:28 IST" duration-ms="16246">
      <class name="com.orange.test.TestClass">
        <test-method is-config="true" signature="setUp()[pri:0, instance:com.orange.test.TestClass@534a5a98]" started-at="2023-12-22T18:13:12 IST" name="setUp" finished-at="2023-12-22T18:13:26 IST" duration-ms="14437" status="PASS">
          <reporter-output>
          </reporter-output>
        </test-method> <!-- setUp -->
        <test-method signature="TC_LG_001()[pri:0, instance:com.orange.test.TestClass@534a5a98]" started-at="2023-12-22T18:13:26 IST" name="TC_LG_001" finished-at="2023-12-22T18:13:28 IST" duration-ms="1678" status="PASS">
          <reporter-output>
          </reporter-output>
        </test-method> <!-- TC_LG_001 -->
      </class> <!-- com.orange.test.TestClass -->
    </test> <!-- Default test -->
  </suite> <!-- Default suite -->
</testng-results>
